<?xml version="1.0" encoding="UTF-8"?>
<testsuite name="com.censusanalyser.CensusAnalyserTest" tests="7" skipped="0" failures="0" errors="0" timestamp="2020-05-05T19:54:59" hostname="DESKTOP-TP3R9VK" time="1.482">
  <properties/>
  <testcase name="givenIndianStateCSV_WithWrongFile_ShouldThrowException" classname="com.censusanalyser.CensusAnalyserTest" time="0.008"/>
  <testcase name="givenIndianCensusData_WhenSortedOnState_ShouldReturnSortedResult" classname="com.censusanalyser.CensusAnalyserTest" time="0.946"/>
  <testcase name="givenIndianStateCSV_ShouldReturnExactCount" classname="com.censusanalyser.CensusAnalyserTest" time="0.303"/>
  <testcase name="givenIndianStateCSV_WhenTypeIncorrect_shouldReturnException" classname="com.censusanalyser.CensusAnalyserTest" time="0.004"/>
  <testcase name="givenIndianCensusCSVFile_ShouldReturnsCorrectRecords" classname="com.censusanalyser.CensusAnalyserTest" time="0.191"/>
  <testcase name="givenStateCensusCsvFile_WhenTypeIncorrect_shouldReturnException" classname="com.censusanalyser.CensusAnalyserTest" time="0.009"/>
  <testcase name="givenIndiaCensusData_WithWrongFile_ShouldThrowException" classname="com.censusanalyser.CensusAnalyserTest" time="0.005"/>
  <system-out><![CDATA[]]></system-out>
  <system-err><![CDATA[]]></system-err>
</testsuite>
