<?xml version="1.0" encoding="UTF-8"?>
<testsuite name="com.censusanalyser.CensusAnalyserTest" tests="6" skipped="0" failures="0" errors="0" timestamp="2020-05-04T20:23:09" hostname="DESKTOP-TP3R9VK" time="1.302">
  <properties/>
  <testcase name="givenIndianStateCSV_WithWrongFile_ShouldThrowException" classname="com.censusanalyser.CensusAnalyserTest" time="0.01"/>
  <testcase name="givenIndianStateCSV_ShouldReturnExactCount" classname="com.censusanalyser.CensusAnalyserTest" time="0.996"/>
  <testcase name="givenIndianStateCSV_WhenTypeIncorrect_shouldReturnException" classname="com.censusanalyser.CensusAnalyserTest" time="0.003"/>
  <testcase name="givenIndianCensusCSVFile_ShouldReturnsCorrectRecords" classname="com.censusanalyser.CensusAnalyserTest" time="0.269"/>
  <testcase name="givenStateCensusCsvFile_WhenTypeIncorrect_shouldReturnException" classname="com.censusanalyser.CensusAnalyserTest" time="0.004"/>
  <testcase name="givenIndiaCensusData_WithWrongFile_ShouldThrowException" classname="com.censusanalyser.CensusAnalyserTest" time="0.002"/>
  <system-out><![CDATA[]]></system-out>
  <system-err><![CDATA[]]></system-err>
</testsuite>
